<?xml version="1.0" encoding="UTF-8"?>
<!-- Generated by org.testng.reporters.JUnitReportReporter -->
<testsuite skipped="0" hostname="ip-172-31-9-88" name="Simplilearn.Maven.AppTest" tests="1" failures="0" timestamp="24 Feb 2021 09:50:17 GMT" time="0.006" errors="0">
  <testcase name="testApp" time="0.006" classname="Simplilearn.Maven.AppTest"/>
</testsuite> <!-- Simplilearn.Maven.AppTest -->
